<?xml version="1.0" encoding="UTF-8"?>
<!-- Generated by org.testng.reporters.JUnitReportReporter -->
<testsuite skipped="0" hostname="DESKTOP-0DK05CA" name="com.core.App" tests="1" failures="0" timestamp="24 Dec 2018 06:40:46 GMT" time="0.010" errors="0">
  <testcase name="disp" time="0.010" classname="com.core.App"/>
</testsuite> <!-- com.core.App -->
