<?xml version="1.0" encoding="UTF-8"?>
<!-- Generated by org.testng.reporters.JUnitReportReporter -->
<testsuite skipped="0" hostname="DESKTOP-0DK05CA" name="com.GitHub.SampleDemo" tests="1" failures="0" timestamp="17 Dec 2018 14:12:46 GMT" time="0.001" errors="0">
  <testcase name="demo" time="0.001" classname="com.GitHub.SampleDemo"/>
</testsuite> <!-- com.GitHub.SampleDemo -->
