<?xml version="1.0" encoding="UTF-8"?>
<!-- Generated by org.testng.reporters.JUnitReportReporter -->
<testsuite skipped="0" hostname="DESKTOP-0DK05CA" name="com.techgeek.testng.ParametersAnnaotation" tests="1" failures="0" timestamp="24 Dec 2018 06:57:16 GMT" time="0.009" errors="0">
  <testcase name="parameterTest" time="0.009" classname="com.techgeek.testng.ParametersAnnaotation"/>
</testsuite> <!-- com.techgeek.testng.ParametersAnnaotation -->
